# JRE version: Java(TM) SE Runtime Environment (8.0_20-b26) (build 1.8.0_20-b26)
# Java VM: Java HotSpot(TM) 64-Bit Server VM (25.20-b23 mixed mode windows-amd64 compressed oops)
Heap:
 PSYoungGen      total 93696K, used 5226K [0x00000000d6000000, 0x00000000dcc80000, 0x0000000100000000)
  eden space 80384K, 6% used [0x00000000d6000000,0x00000000d651a9f8,0x00000000dae80000)
  from space 13312K, 0% used [0x00000000dbd00000,0x00000000dbd00000,0x00000000dca00000)
  to   space 14848K, 0% used [0x00000000dae80000,0x00000000dae80000,0x00000000dbd00000)
 ParOldGen       total 105984K, used 21741K [0x0000000082000000, 0x0000000088780000, 0x00000000d6000000)
  object space 105984K, 20% used [0x0000000082000000,0x000000008353b7a8,0x0000000088780000)
 Metaspace       used 35216K, capacity 35578K, committed 36008K, reserved 1081344K
  class space    used 4250K, capacity 4330K, committed 4352K, reserved 1048576K
GC Heap History (10 events):
Event: 6.187 GC heap before
{Heap before GC invocations=8 (full 1):
 PSYoungGen      total 50688K, used 50653K [0x00000000d6000000, 0x00000000dad80000, 0x0000000100000000)
  eden space 47616K, 100% used [0x00000000d6000000,0x00000000d8e80000,0x00000000d8e80000)
  from space 3072K, 98% used [0x00000000daa80000,0x00000000dad77650,0x00000000dad80000)
  to   space 11776K, 0% used [0x00000000d9680000,0x00000000d9680000,0x00000000da200000)
 ParOldGen       total 65536K, used 10206K [0x0000000082000000, 0x0000000086000000, 0x00000000d6000000)
  object space 65536K, 15% used [0x0000000082000000,0x00000000829f7890,0x0000000086000000)
 Metaspace       used 26837K, capacity 27094K, committed 27520K, reserved 1073152K
  class space    used 3274K, capacity 3348K, committed 3456K, reserved 1048576K
Event: 6.203 GC heap after
Heap after GC invocations=8 (full 1):
 PSYoungGen      total 67584K, used 6843K [0x00000000d6000000, 0x00000000db780000, 0x0000000100000000)
  eden space 55808K, 0% used [0x00000000d6000000,0x00000000d6000000,0x00000000d9680000)
  from space 11776K, 58% used [0x00000000d9680000,0x00000000d9d2edf0,0x00000000da200000)
  to   space 10752K, 0% used [0x00000000dad00000,0x00000000dad00000,0x00000000db780000)
 ParOldGen       total 65536K, used 10214K [0x0000000082000000, 0x0000000086000000, 0x00000000d6000000)
  object space 65536K, 15% used [0x0000000082000000,0x00000000829f9890,0x0000000086000000)
 Metaspace       used 26837K, capacity 27094K, committed 27520K, reserved 1073152K
  class space    used 3274K, capacity 3348K, committed 3456K, reserved 1048576K
}
Event: 7.691 GC heap before
{Heap before GC invocations=9 (full 1):
 PSYoungGen      total 67584K, used 62651K [0x00000000d6000000, 0x00000000db780000, 0x0000000100000000)
  eden space 55808K, 100% used [0x00000000d6000000,0x00000000d9680000,0x00000000d9680000)
  from space 11776K, 58% used [0x00000000d9680000,0x00000000d9d2edf0,0x00000000da200000)
  to   space 10752K, 0% used [0x00000000dad00000,0x00000000dad00000,0x00000000db780000)
 ParOldGen       total 65536K, used 10214K [0x0000000082000000, 0x0000000086000000, 0x00000000d6000000)
  object space 65536K, 15% used [0x0000000082000000,0x00000000829f9890,0x0000000086000000)
 Metaspace       used 28804K, capacity 29194K, committed 29568K, reserved 1075200K
  class space    used 3521K, capacity 3616K, committed 3712K, reserved 1048576K
Event: 7.704 GC heap after
Heap after GC invocations=9 (full 1):
 PSYoungGen      total 78336K, used 8947K [0x00000000d6000000, 0x00000000dc300000, 0x0000000100000000)
  eden space 67584K, 0% used [0x00000000d6000000,0x00000000d6000000,0x00000000da200000)
  from space 10752K, 83% used [0x00000000dad00000,0x00000000db5bcda8,0x00000000db780000)
  to   space 11264K, 0% used [0x00000000da200000,0x00000000da200000,0x00000000dad00000)
 ParOldGen       total 65536K, used 10214K [0x0000000082000000, 0x0000000086000000, 0x00000000d6000000)
  object space 65536K, 15% used [0x0000000082000000,0x00000000829f9890,0x0000000086000000)
 Metaspace       used 28804K, capacity 29194K, committed 29568K, reserved 1075200K
  class space    used 3521K, capacity 3616K, committed 3712K, reserved 1048576K
}
Event: 28.212 GC heap before
{Heap before GC invocations=10 (full 1):
 PSYoungGen      total 78336K, used 76531K [0x00000000d6000000, 0x00000000dc300000, 0x0000000100000000)
  eden space 67584K, 100% used [0x00000000d6000000,0x00000000da200000,0x00000000da200000)
  from space 10752K, 83% used [0x00000000dad00000,0x00000000db5bcda8,0x00000000db780000)
  to   space 11264K, 0% used [0x00000000da200000,0x00000000da200000,0x00000000dad00000)
 ParOldGen       total 65536K, used 10214K [0x0000000082000000, 0x0000000086000000, 0x00000000d6000000)
  object space 65536K, 15% used [0x0000000082000000,0x00000000829f9890,0x0000000086000000)
 Metaspace       used 32173K, capacity 32538K, committed 32768K, reserved 1077248K
  class space    used 3945K, capacity 4042K, committed 4096K, reserved 1048576K
Event: 28.243 GC heap after
Heap after GC invocations=10 (full 1):
 PSYoungGen      total 78848K, used 11258K [0x00000000d6000000, 0x00000000dca00000, 0x0000000100000000)
  eden space 67584K, 0% used [0x00000000d6000000,0x00000000d6000000,0x00000000da200000)
  from space 11264K, 99% used [0x00000000da200000,0x00000000dacfe8a8,0x00000000dad00000)
  to   space 13312K, 0% used [0x00000000dbd00000,0x00000000dbd00000,0x00000000dca00000)
 ParOldGen       total 65536K, used 11472K [0x0000000082000000, 0x0000000086000000, 0x00000000d6000000)
  object space 65536K, 17% used [0x0000000082000000,0x0000000082b343b8,0x0000000086000000)
 Metaspace       used 32173K, capacity 32538K, committed 32768K, reserved 1077248K
  class space    used 3945K, capacity 4042K, committed 4096K, reserved 1048576K
}
Event: 35.620 GC heap before
{Heap before GC invocations=11 (full 1):
 PSYoungGen      total 78848K, used 28064K [0x00000000d6000000, 0x00000000dca00000, 0x0000000100000000)
  eden space 67584K, 24% used [0x00000000d6000000,0x00000000d7069ab0,0x00000000da200000)
  from space 11264K, 99% used [0x00000000da200000,0x00000000dacfe8a8,0x00000000dad00000)
  to   space 13312K, 0% used [0x00000000dbd00000,0x00000000dbd00000,0x00000000dca00000)
 ParOldGen       total 65536K, used 11472K [0x0000000082000000, 0x0000000086000000, 0x00000000d6000000)
  object space 65536K, 17% used [0x0000000082000000,0x0000000082b343b8,0x0000000086000000)
 Metaspace       used 34880K, capacity 35194K, committed 35496K, reserved 1081344K
  class space    used 4211K, capacity 4266K, committed 4352K, reserved 1048576K
Event: 35.672 GC heap after
Heap after GC invocations=11 (full 1):
 PSYoungGen      total 93696K, used 13309K [0x00000000d6000000, 0x00000000dcc80000, 0x0000000100000000)
  eden space 80384K, 0% used [0x00000000d6000000,0x00000000d6000000,0x00000000dae80000)
  from space 13312K, 99% used [0x00000000dbd00000,0x00000000dc9ff500,0x00000000dca00000)
  to   space 14848K, 0% used [0x00000000dae80000,0x00000000dae80000,0x00000000dbd00000)
 ParOldGen       total 65536K, used 11852K [0x0000000082000000, 0x0000000086000000, 0x00000000d6000000)
  object space 65536K, 18% used [0x0000000082000000,0x0000000082b933a8,0x0000000086000000)
 Metaspace       used 34880K, capacity 35194K, committed 35496K, reserved 1081344K
  class space    used 4211K, capacity 4266K, committed 4352K, reserved 1048576K
}
Event: 35.672 GC heap before
{Heap before GC invocations=12 (full 2):
 PSYoungGen      total 93696K, used 13309K [0x00000000d6000000, 0x00000000dcc80000, 0x0000000100000000)
  eden space 80384K, 0% used [0x00000000d6000000,0x00000000d6000000,0x00000000dae80000)
  from space 13312K, 99% used [0x00000000dbd00000,0x00000000dc9ff500,0x00000000dca00000)
  to   space 14848K, 0% used [0x00000000dae80000,0x00000000dae80000,0x00000000dbd00000)
 ParOldGen       total 65536K, used 11852K [0x0000000082000000, 0x0000000086000000, 0x00000000d6000000)
  object space 65536K, 18% used [0x0000000082000000,0x0000000082b933a8,0x0000000086000000)
 Metaspace       used 34880K, capacity 35194K, committed 35496K, reserved 1081344K
  class space    used 4211K, capacity 4266K, committed 4352K, reserved 1048576K
Event: 35.875 GC heap after
Heap after GC invocations=12 (full 2):
 PSYoungGen      total 93696K, used 0K [0x00000000d6000000, 0x00000000dcc80000, 0x0000000100000000)
  eden space 80384K, 0% used [0x00000000d6000000,0x00000000d6000000,0x00000000dae80000)
  from space 13312K, 0% used [0x00000000dbd00000,0x00000000dbd00000,0x00000000dca00000)
  to   space 14848K, 0% used [0x00000000dae80000,0x00000000dae80000,0x00000000dbd00000)
 ParOldGen       total 105984K, used 21741K [0x0000000082000000, 0x0000000088780000, 0x00000000d6000000)
  object space 105984K, 20% used [0x0000000082000000,0x000000008353b7a8,0x0000000088780000)
 Metaspace       used 34880K, capacity 35194K, committed 35496K, reserved 1081344K
  class space    used 4211K, capacity 4266K, committed 4352K, reserved 1048576K
}

