# JRE version: Java(TM) SE Runtime Environment (8.0_20-b26) (build 1.8.0_20-b26)
# Java VM: Java HotSpot(TM) 64-Bit Server VM (25.20-b23 mixed mode windows-amd64 compressed oops)
Heap:
 PSYoungGen      total 192000K, used 115486K [0x00000000d6000000, 0x00000000e2a80000, 0x0000000100000000)
  eden space 176640K, 65% used [0x00000000d6000000,0x00000000dd0c7b20,0x00000000e0c80000)
  from space 15360K, 0% used [0x00000000e1b80000,0x00000000e1b80000,0x00000000e2a80000)
  to   space 15360K, 0% used [0x00000000e0c80000,0x00000000e0c80000,0x00000000e1b80000)
 ParOldGen       total 102400K, used 20157K [0x0000000082000000, 0x0000000088400000, 0x00000000d6000000)
  object space 102400K, 19% used [0x0000000082000000,0x00000000833af658,0x0000000088400000)
 Metaspace       used 36224K, capacity 36720K, committed 36904K, reserved 1081344K
  class space    used 4306K, capacity 4444K, committed 4480K, reserved 1048576K
GC Heap History (10 events):
Event: 168.800 GC heap before
{Heap before GC invocations=10 (full 2):
 PSYoungGen      total 145408K, used 11236K [0x00000000d6000000, 0x00000000e2900000, 0x0000000100000000)
  eden space 134144K, 0% used [0x00000000d6000000,0x00000000d6000000,0x00000000de300000)
  from space 11264K, 99% used [0x00000000df100000,0x00000000dfbf9090,0x00000000dfc00000)
  to   space 14336K, 0% used [0x00000000de300000,0x00000000de300000,0x00000000df100000)
 ParOldGen       total 65024K, used 15847K [0x0000000082000000, 0x0000000085f80000, 0x00000000d6000000)
  object space 65024K, 24% used [0x0000000082000000,0x0000000082f79d30,0x0000000085f80000)
 Metaspace       used 34920K, capacity 35226K, committed 35496K, reserved 1081344K
  class space    used 4233K, capacity 4298K, committed 4352K, reserved 1048576K
Event: 168.924 GC heap after
Heap after GC invocations=10 (full 2):
 PSYoungGen      total 145408K, used 0K [0x00000000d6000000, 0x00000000e2900000, 0x0000000100000000)
  eden space 134144K, 0% used [0x00000000d6000000,0x00000000d6000000,0x00000000de300000)
  from space 11264K, 0% used [0x00000000df100000,0x00000000df100000,0x00000000dfc00000)
  to   space 14336K, 0% used [0x00000000de300000,0x00000000de300000,0x00000000df100000)
 ParOldGen       total 102400K, used 23343K [0x0000000082000000, 0x0000000088400000, 0x00000000d6000000)
  object space 102400K, 22% used [0x0000000082000000,0x00000000836cbff0,0x0000000088400000)
 Metaspace       used 34920K, capacity 35226K, committed 35496K, reserved 1081344K
  class space    used 4233K, capacity 4298K, committed 4352K, reserved 1048576K
}
Event: 1162.629 GC heap before
{Heap before GC invocations=11 (full 2):
 PSYoungGen      total 145408K, used 86582K [0x00000000d6000000, 0x00000000e2900000, 0x0000000100000000)
  eden space 134144K, 64% used [0x00000000d6000000,0x00000000db48d9f0,0x00000000de300000)
  from space 11264K, 0% used [0x00000000df100000,0x00000000df100000,0x00000000dfc00000)
  to   space 14336K, 0% used [0x00000000de300000,0x00000000de300000,0x00000000df100000)
 ParOldGen       total 102400K, used 23343K [0x0000000082000000, 0x0000000088400000, 0x00000000d6000000)
  object space 102400K, 22% used [0x0000000082000000,0x00000000836cbff0,0x0000000088400000)
 Metaspace       used 35186K, capacity 35520K, committed 35752K, reserved 1081344K
  class space    used 4253K, capacity 4332K, committed 4352K, reserved 1048576K
Event: 1162.632 GC heap after
Heap after GC invocations=11 (full 2):
 PSYoungGen      total 148480K, used 160K [0x00000000d6000000, 0x00000000e2a80000, 0x0000000100000000)
  eden space 134144K, 0% used [0x00000000d6000000,0x00000000d6000000,0x00000000de300000)
  from space 14336K, 1% used [0x00000000de300000,0x00000000de328000,0x00000000df100000)
  to   space 15360K, 0% used [0x00000000e1b80000,0x00000000e1b80000,0x00000000e2a80000)
 ParOldGen       total 102400K, used 23351K [0x0000000082000000, 0x0000000088400000, 0x00000000d6000000)
  object space 102400K, 22% used [0x0000000082000000,0x00000000836cdff0,0x0000000088400000)
 Metaspace       used 35186K, capacity 35520K, committed 35752K, reserved 1081344K
  class space    used 4253K, capacity 4332K, committed 4352K, reserved 1048576K
}
Event: 1162.632 GC heap before
{Heap before GC invocations=12 (full 3):
 PSYoungGen      total 148480K, used 160K [0x00000000d6000000, 0x00000000e2a80000, 0x0000000100000000)
  eden space 134144K, 0% used [0x00000000d6000000,0x00000000d6000000,0x00000000de300000)
  from space 14336K, 1% used [0x00000000de300000,0x00000000de328000,0x00000000df100000)
  to   space 15360K, 0% used [0x00000000e1b80000,0x00000000e1b80000,0x00000000e2a80000)
 ParOldGen       total 102400K, used 23351K [0x0000000082000000, 0x0000000088400000, 0x00000000d6000000)
  object space 102400K, 22% used [0x0000000082000000,0x00000000836cdff0,0x0000000088400000)
 Metaspace       used 35186K, capacity 35520K, committed 35752K, reserved 1081344K
  class space    used 4253K, capacity 4332K, committed 4352K, reserved 1048576K
Event: 1162.791 GC heap after
Heap after GC invocations=12 (full 3):
 PSYoungGen      total 148480K, used 0K [0x00000000d6000000, 0x00000000e2a80000, 0x0000000100000000)
  eden space 134144K, 0% used [0x00000000d6000000,0x00000000d6000000,0x00000000de300000)
  from space 14336K, 0% used [0x00000000de300000,0x00000000de300000,0x00000000df100000)
  to   space 15360K, 0% used [0x00000000e1b80000,0x00000000e1b80000,0x00000000e2a80000)
 ParOldGen       total 102400K, used 19006K [0x0000000082000000, 0x0000000088400000, 0x00000000d6000000)
  object space 102400K, 18% used [0x0000000082000000,0x000000008328fbc0,0x0000000088400000)
 Metaspace       used 35186K, capacity 35520K, committed 35752K, reserved 1081344K
  class space    used 4253K, capacity 4332K, committed 4352K, reserved 1048576K
}
Event: 1325.063 GC heap before
{Heap before GC invocations=13 (full 3):
 PSYoungGen      total 148480K, used 114374K [0x00000000d6000000, 0x00000000e2a80000, 0x0000000100000000)
  eden space 134144K, 85% used [0x00000000d6000000,0x00000000dcfb1a38,0x00000000de300000)
  from space 14336K, 0% used [0x00000000de300000,0x00000000de300000,0x00000000df100000)
  to   space 15360K, 0% used [0x00000000e1b80000,0x00000000e1b80000,0x00000000e2a80000)
 ParOldGen       total 102400K, used 19006K [0x0000000082000000, 0x0000000088400000, 0x00000000d6000000)
  object space 102400K, 18% used [0x0000000082000000,0x000000008328fbc0,0x0000000088400000)
 Metaspace       used 35723K, capacity 36134K, committed 36392K, reserved 1081344K
  class space    used 4271K, capacity 4354K, committed 4480K, reserved 1048576K
Event: 1325.069 GC heap after
Heap after GC invocations=13 (full 3):
 PSYoungGen      total 192000K, used 2963K [0x00000000d6000000, 0x00000000e2a80000, 0x0000000100000000)
  eden space 176640K, 0% used [0x00000000d6000000,0x00000000d6000000,0x00000000e0c80000)
  from space 15360K, 19% used [0x00000000e1b80000,0x00000000e1e64e78,0x00000000e2a80000)
  to   space 15360K, 0% used [0x00000000e0c80000,0x00000000e0c80000,0x00000000e1b80000)
 ParOldGen       total 102400K, used 19014K [0x0000000082000000, 0x0000000088400000, 0x00000000d6000000)
  object space 102400K, 18% used [0x0000000082000000,0x0000000083291bc0,0x0000000088400000)
 Metaspace       used 35723K, capacity 36134K, committed 36392K, reserved 1081344K
  class space    used 4271K, capacity 4354K, committed 4480K, reserved 1048576K
}
Event: 1325.069 GC heap before
{Heap before GC invocations=14 (full 4):
 PSYoungGen      total 192000K, used 2963K [0x00000000d6000000, 0x00000000e2a80000, 0x0000000100000000)
  eden space 176640K, 0% used [0x00000000d6000000,0x00000000d6000000,0x00000000e0c80000)
  from space 15360K, 19% used [0x00000000e1b80000,0x00000000e1e64e78,0x00000000e2a80000)
  to   space 15360K, 0% used [0x00000000e0c80000,0x00000000e0c80000,0x00000000e1b80000)
 ParOldGen       total 102400K, used 19014K [0x0000000082000000, 0x0000000088400000, 0x00000000d6000000)
  object space 102400K, 18% used [0x0000000082000000,0x0000000083291bc0,0x0000000088400000)
 Metaspace       used 35723K, capacity 36134K, committed 36392K, reserved 1081344K
  class space    used 4271K, capacity 4354K, committed 4480K, reserved 1048576K
Event: 1325.268 GC heap after
Heap after GC invocations=14 (full 4):
 PSYoungGen      total 192000K, used 0K [0x00000000d6000000, 0x00000000e2a80000, 0x0000000100000000)
  eden space 176640K, 0% used [0x00000000d6000000,0x00000000d6000000,0x00000000e0c80000)
  from space 15360K, 0% used [0x00000000e1b80000,0x00000000e1b80000,0x00000000e2a80000)
  to   space 15360K, 0% used [0x00000000e0c80000,0x00000000e0c80000,0x00000000e1b80000)
 ParOldGen       total 102400K, used 20157K [0x0000000082000000, 0x0000000088400000, 0x00000000d6000000)
  object space 102400K, 19% used [0x0000000082000000,0x00000000833af658,0x0000000088400000)
 Metaspace       used 35721K, capacity 36128K, committed 36392K, reserved 1081344K
  class space    used 4270K, capacity 4352K, committed 4480K, reserved 1048576K
}

