# JRE version: Java(TM) SE Runtime Environment (8.0_20-b26) (build 1.8.0_20-b26)
# Java VM: Java HotSpot(TM) 64-Bit Server VM (25.20-b23 mixed mode windows-amd64 compressed oops)
Heap:
 PSYoungGen      total 148480K, used 4985K [0x00000000d6000000, 0x00000000e2980000, 0x0000000100000000)
  eden space 136704K, 3% used [0x00000000d6000000,0x00000000d64de6f0,0x00000000de580000)
  from space 11776K, 0% used [0x00000000df380000,0x00000000df380000,0x00000000dff00000)
  to   space 14336K, 0% used [0x00000000de580000,0x00000000de580000,0x00000000df380000)
 ParOldGen       total 101888K, used 23314K [0x0000000082000000, 0x0000000088380000, 0x00000000d6000000)
  object space 101888K, 22% used [0x0000000082000000,0x00000000836c4ac0,0x0000000088380000)
 Metaspace       used 35024K, capacity 35354K, committed 35752K, reserved 1081344K
  class space    used 4226K, capacity 4298K, committed 4352K, reserved 1048576K
GC Heap History (10 events):
Event: 3.342 GC heap before
{Heap before GC invocations=6 (full 1):
 PSYoungGen      total 70656K, used 5104K [0x00000000d6000000, 0x00000000df400000, 0x0000000100000000)
  eden space 65536K, 0% used [0x00000000d6000000,0x00000000d6000000,0x00000000da000000)
  from space 5120K, 99% used [0x00000000da000000,0x00000000da4fc030,0x00000000da500000)
  to   space 10240K, 0% used [0x00000000dea00000,0x00000000dea00000,0x00000000df400000)
 ParOldGen       total 86016K, used 12416K [0x0000000082000000, 0x0000000087400000, 0x00000000d6000000)
  object space 86016K, 14% used [0x0000000082000000,0x0000000082c20088,0x0000000087400000)
 Metaspace       used 20911K, capacity 21124K, committed 21296K, reserved 1069056K
  class space    used 2552K, capacity 2605K, committed 2688K, reserved 1048576K
Event: 3.395 GC heap after
Heap after GC invocations=6 (full 1):
 PSYoungGen      total 70656K, used 0K [0x00000000d6000000, 0x00000000df400000, 0x0000000100000000)
  eden space 65536K, 0% used [0x00000000d6000000,0x00000000d6000000,0x00000000da000000)
  from space 5120K, 0% used [0x00000000da000000,0x00000000da000000,0x00000000da500000)
  to   space 10240K, 0% used [0x00000000dea00000,0x00000000dea00000,0x00000000df400000)
 ParOldGen       total 64000K, used 10166K [0x0000000082000000, 0x0000000085e80000, 0x00000000d6000000)
  object space 64000K, 15% used [0x0000000082000000,0x00000000829ed830,0x0000000085e80000)
 Metaspace       used 20909K, capacity 21122K, committed 21296K, reserved 1069056K
  class space    used 2551K, capacity 2604K, committed 2688K, reserved 1048576K
}
Event: 5.444 GC heap before
{Heap before GC invocations=7 (full 1):
 PSYoungGen      total 70656K, used 65536K [0x00000000d6000000, 0x00000000df400000, 0x0000000100000000)
  eden space 65536K, 100% used [0x00000000d6000000,0x00000000da000000,0x00000000da000000)
  from space 5120K, 0% used [0x00000000da000000,0x00000000da000000,0x00000000da500000)
  to   space 10240K, 0% used [0x00000000dea00000,0x00000000dea00000,0x00000000df400000)
 ParOldGen       total 64000K, used 10166K [0x0000000082000000, 0x0000000085e80000, 0x00000000d6000000)
  object space 64000K, 15% used [0x0000000082000000,0x00000000829ed830,0x0000000085e80000)
 Metaspace       used 25874K, capacity 26134K, committed 26368K, reserved 1073152K
  class space    used 3160K, capacity 3220K, committed 3328K, reserved 1048576K
Event: 5.453 GC heap after
Heap after GC invocations=7 (full 1):
 PSYoungGen      total 103936K, used 6896K [0x00000000d6000000, 0x00000000df100000, 0x0000000100000000)
  eden space 96768K, 0% used [0x00000000d6000000,0x00000000d6000000,0x00000000dbe80000)
  from space 7168K, 96% used [0x00000000dea00000,0x00000000df0bc2c8,0x00000000df100000)
  to   space 9728K, 0% used [0x00000000dde00000,0x00000000dde00000,0x00000000de780000)
 ParOldGen       total 64000K, used 10174K [0x0000000082000000, 0x0000000085e80000, 0x00000000d6000000)
  object space 64000K, 15% used [0x0000000082000000,0x00000000829ef830,0x0000000085e80000)
 Metaspace       used 25874K, capacity 26134K, committed 26368K, reserved 1073152K
  class space    used 3160K, capacity 3220K, committed 3328K, reserved 1048576K
}
Event: 8.360 GC heap before
{Heap before GC invocations=8 (full 1):
 PSYoungGen      total 103936K, used 103664K [0x00000000d6000000, 0x00000000df100000, 0x0000000100000000)
  eden space 96768K, 100% used [0x00000000d6000000,0x00000000dbe80000,0x00000000dbe80000)
  from space 7168K, 96% used [0x00000000dea00000,0x00000000df0bc2c8,0x00000000df100000)
  to   space 9728K, 0% used [0x00000000dde00000,0x00000000dde00000,0x00000000de780000)
 ParOldGen       total 64000K, used 10174K [0x0000000082000000, 0x0000000085e80000, 0x00000000d6000000)
  object space 64000K, 15% used [0x0000000082000000,0x00000000829ef830,0x0000000085e80000)
 Metaspace       used 29383K, capacity 29692K, committed 30080K, reserved 1075200K
  class space    used 3585K, capacity 3651K, committed 3712K, reserved 1048576K
Event: 8.382 GC heap after
Heap after GC invocations=8 (full 1):
 PSYoungGen      total 138752K, used 9712K [0x00000000d6000000, 0x00000000dff00000, 0x0000000100000000)
  eden space 129024K, 0% used [0x00000000d6000000,0x00000000d6000000,0x00000000dde00000)
  from space 9728K, 99% used [0x00000000dde00000,0x00000000de77c370,0x00000000de780000)
  to   space 11776K, 0% used [0x00000000df380000,0x00000000df380000,0x00000000dff00000)
 ParOldGen       total 64000K, used 11769K [0x0000000082000000, 0x0000000085e80000, 0x00000000d6000000)
  object space 64000K, 18% used [0x0000000082000000,0x0000000082b7e640,0x0000000085e80000)
 Metaspace       used 29383K, capacity 29692K, committed 30080K, reserved 1075200K
  class space    used 3585K, capacity 3651K, committed 3712K, reserved 1048576K
}
Event: 40.924 GC heap before
{Heap before GC invocations=9 (full 1):
 PSYoungGen      total 138752K, used 79928K [0x00000000d6000000, 0x00000000dff00000, 0x0000000100000000)
  eden space 129024K, 54% used [0x00000000d6000000,0x00000000da491d80,0x00000000dde00000)
  from space 9728K, 99% used [0x00000000dde00000,0x00000000de77c370,0x00000000de780000)
  to   space 11776K, 0% used [0x00000000df380000,0x00000000df380000,0x00000000dff00000)
 ParOldGen       total 64000K, used 11769K [0x0000000082000000, 0x0000000085e80000, 0x00000000d6000000)
  object space 64000K, 18% used [0x0000000082000000,0x0000000082b7e640,0x0000000085e80000)
 Metaspace       used 34895K, capacity 35194K, committed 35496K, reserved 1081344K
  class space    used 4211K, capacity 4266K, committed 4352K, reserved 1048576K
Event: 40.946 GC heap after
Heap after GC invocations=9 (full 1):
 PSYoungGen      total 148480K, used 11769K [0x00000000d6000000, 0x00000000e2980000, 0x0000000100000000)
  eden space 136704K, 0% used [0x00000000d6000000,0x00000000d6000000,0x00000000de580000)
  from space 11776K, 99% used [0x00000000df380000,0x00000000dfefe760,0x00000000dff00000)
  to   space 14336K, 0% used [0x00000000de580000,0x00000000de580000,0x00000000df380000)
 ParOldGen       total 64000K, used 15314K [0x0000000082000000, 0x0000000085e80000, 0x00000000d6000000)
  object space 64000K, 23% used [0x0000000082000000,0x0000000082ef4ab0,0x0000000085e80000)
 Metaspace       used 34895K, capacity 35194K, committed 35496K, reserved 1081344K
  class space    used 4211K, capacity 4266K, committed 4352K, reserved 1048576K
}
Event: 40.946 GC heap before
{Heap before GC invocations=10 (full 2):
 PSYoungGen      total 148480K, used 11769K [0x00000000d6000000, 0x00000000e2980000, 0x0000000100000000)
  eden space 136704K, 0% used [0x00000000d6000000,0x00000000d6000000,0x00000000de580000)
  from space 11776K, 99% used [0x00000000df380000,0x00000000dfefe760,0x00000000dff00000)
  to   space 14336K, 0% used [0x00000000de580000,0x00000000de580000,0x00000000df380000)
 ParOldGen       total 64000K, used 15314K [0x0000000082000000, 0x0000000085e80000, 0x00000000d6000000)
  object space 64000K, 23% used [0x0000000082000000,0x0000000082ef4ab0,0x0000000085e80000)
 Metaspace       used 34895K, capacity 35194K, committed 35496K, reserved 1081344K
  class space    used 4211K, capacity 4266K, committed 4352K, reserved 1048576K
Event: 41.072 GC heap after
Heap after GC invocations=10 (full 2):
 PSYoungGen      total 148480K, used 0K [0x00000000d6000000, 0x00000000e2980000, 0x0000000100000000)
  eden space 136704K, 0% used [0x00000000d6000000,0x00000000d6000000,0x00000000de580000)
  from space 11776K, 0% used [0x00000000df380000,0x00000000df380000,0x00000000dff00000)
  to   space 14336K, 0% used [0x00000000de580000,0x00000000de580000,0x00000000df380000)
 ParOldGen       total 101888K, used 23314K [0x0000000082000000, 0x0000000088380000, 0x00000000d6000000)
  object space 101888K, 22% used [0x0000000082000000,0x00000000836c4ac0,0x0000000088380000)
 Metaspace       used 34895K, capacity 35194K, committed 35496K, reserved 1081344K
  class space    used 4211K, capacity 4266K, committed 4352K, reserved 1048576K
}

