# JRE version: Java(TM) SE Runtime Environment (8.0_20-b26) (build 1.8.0_20-b26)
# Java VM: Java HotSpot(TM) 64-Bit Server VM (25.20-b23 mixed mode windows-amd64 compressed oops)
Heap:
 PSYoungGen      total 139264K, used 111111K [0x00000000d6000000, 0x00000000df580000, 0x0000000100000000)
  eden space 125440K, 88% used [0x00000000d6000000,0x00000000dcc81fb8,0x00000000dda80000)
  from space 13824K, 0% used [0x00000000de800000,0x00000000de800000,0x00000000df580000)
  to   space 13824K, 0% used [0x00000000dda80000,0x00000000dda80000,0x00000000de800000)
 ParOldGen       total 67072K, used 20145K [0x0000000082000000, 0x0000000086180000, 0x00000000d6000000)
  object space 67072K, 30% used [0x0000000082000000,0x00000000833ac568,0x0000000086180000)
 Metaspace       used 33861K, capacity 34602K, committed 34688K, reserved 1079296K
  class space    used 4065K, capacity 4178K, committed 4224K, reserved 1048576K
GC Heap History (10 events):
Event: 207.471 GC heap before
{Heap before GC invocations=14 (full 4):
 PSYoungGen      total 138240K, used 2931K [0x00000000d6000000, 0x00000000df580000, 0x0000000100000000)
  eden space 124928K, 0% used [0x00000000d6000000,0x00000000d6000000,0x00000000dda00000)
  from space 13312K, 22% used [0x00000000de780000,0x00000000dea5ce78,0x00000000df480000)
  to   space 13824K, 0% used [0x00000000dda00000,0x00000000dda00000,0x00000000de780000)
 ParOldGen       total 67072K, used 20005K [0x0000000082000000, 0x0000000086180000, 0x00000000d6000000)
  object space 67072K, 29% used [0x0000000082000000,0x0000000083389680,0x0000000086180000)
 Metaspace       used 33184K, capacity 33704K, committed 33920K, reserved 1079296K
  class space    used 4017K, capacity 4124K, committed 4224K, reserved 1048576K
Event: 207.589 GC heap after
Heap after GC invocations=14 (full 4):
 PSYoungGen      total 138240K, used 0K [0x00000000d6000000, 0x00000000df580000, 0x0000000100000000)
  eden space 124928K, 0% used [0x00000000d6000000,0x00000000d6000000,0x00000000dda00000)
  from space 13312K, 0% used [0x00000000de780000,0x00000000de780000,0x00000000df480000)
  to   space 13824K, 0% used [0x00000000dda00000,0x00000000dda00000,0x00000000de780000)
 ParOldGen       total 67072K, used 20057K [0x0000000082000000, 0x0000000086180000, 0x00000000d6000000)
  object space 67072K, 29% used [0x0000000082000000,0x0000000083396730,0x0000000086180000)
 Metaspace       used 33181K, capacity 33698K, committed 33920K, reserved 1079296K
  class space    used 4017K, capacity 4122K, committed 4224K, reserved 1048576K
}
Event: 212.021 GC heap before
{Heap before GC invocations=15 (full 4):
 PSYoungGen      total 138240K, used 103651K [0x00000000d6000000, 0x00000000df580000, 0x0000000100000000)
  eden space 124928K, 82% used [0x00000000d6000000,0x00000000dc538e10,0x00000000dda00000)
  from space 13312K, 0% used [0x00000000de780000,0x00000000de780000,0x00000000df480000)
  to   space 13824K, 0% used [0x00000000dda00000,0x00000000dda00000,0x00000000de780000)
 ParOldGen       total 67072K, used 20057K [0x0000000082000000, 0x0000000086180000, 0x00000000d6000000)
  object space 67072K, 29% used [0x0000000082000000,0x0000000083396730,0x0000000086180000)
 Metaspace       used 33409K, capacity 34086K, committed 34176K, reserved 1079296K
  class space    used 4034K, capacity 4149K, committed 4224K, reserved 1048576K
Event: 212.026 GC heap after
Heap after GC invocations=15 (full 4):
 PSYoungGen      total 138752K, used 2867K [0x00000000d6000000, 0x00000000df580000, 0x0000000100000000)
  eden space 124928K, 0% used [0x00000000d6000000,0x00000000d6000000,0x00000000dda00000)
  from space 13824K, 20% used [0x00000000dda00000,0x00000000ddccce78,0x00000000de780000)
  to   space 13824K, 0% used [0x00000000de800000,0x00000000de800000,0x00000000df580000)
 ParOldGen       total 67072K, used 20065K [0x0000000082000000, 0x0000000086180000, 0x00000000d6000000)
  object space 67072K, 29% used [0x0000000082000000,0x0000000083398730,0x0000000086180000)
 Metaspace       used 33409K, capacity 34086K, committed 34176K, reserved 1079296K
  class space    used 4034K, capacity 4149K, committed 4224K, reserved 1048576K
}
Event: 212.026 GC heap before
{Heap before GC invocations=16 (full 5):
 PSYoungGen      total 138752K, used 2867K [0x00000000d6000000, 0x00000000df580000, 0x0000000100000000)
  eden space 124928K, 0% used [0x00000000d6000000,0x00000000d6000000,0x00000000dda00000)
  from space 13824K, 20% used [0x00000000dda00000,0x00000000ddccce78,0x00000000de780000)
  to   space 13824K, 0% used [0x00000000de800000,0x00000000de800000,0x00000000df580000)
 ParOldGen       total 67072K, used 20065K [0x0000000082000000, 0x0000000086180000, 0x00000000d6000000)
  object space 67072K, 29% used [0x0000000082000000,0x0000000083398730,0x0000000086180000)
 Metaspace       used 33409K, capacity 34086K, committed 34176K, reserved 1079296K
  class space    used 4034K, capacity 4149K, committed 4224K, reserved 1048576K
Event: 212.143 GC heap after
Heap after GC invocations=16 (full 5):
 PSYoungGen      total 138752K, used 0K [0x00000000d6000000, 0x00000000df580000, 0x0000000100000000)
  eden space 124928K, 0% used [0x00000000d6000000,0x00000000d6000000,0x00000000dda00000)
  from space 13824K, 0% used [0x00000000dda00000,0x00000000dda00000,0x00000000de780000)
  to   space 13824K, 0% used [0x00000000de800000,0x00000000de800000,0x00000000df580000)
 ParOldGen       total 67072K, used 20113K [0x0000000082000000, 0x0000000086180000, 0x00000000d6000000)
  object space 67072K, 29% used [0x0000000082000000,0x00000000833a46c0,0x0000000086180000)
 Metaspace       used 33406K, capacity 34080K, committed 34176K, reserved 1079296K
  class space    used 4033K, capacity 4147K, committed 4224K, reserved 1048576K
}
Event: 267.851 GC heap before
{Heap before GC invocations=17 (full 5):
 PSYoungGen      total 138752K, used 106668K [0x00000000d6000000, 0x00000000df580000, 0x0000000100000000)
  eden space 124928K, 85% used [0x00000000d6000000,0x00000000dc82b008,0x00000000dda00000)
  from space 13824K, 0% used [0x00000000dda00000,0x00000000dda00000,0x00000000de780000)
  to   space 13824K, 0% used [0x00000000de800000,0x00000000de800000,0x00000000df580000)
 ParOldGen       total 67072K, used 20113K [0x0000000082000000, 0x0000000086180000, 0x00000000d6000000)
  object space 67072K, 29% used [0x0000000082000000,0x00000000833a46c0,0x0000000086180000)
 Metaspace       used 33586K, capacity 34238K, committed 34432K, reserved 1079296K
  class space    used 4041K, capacity 4157K, committed 4224K, reserved 1048576K
Event: 267.857 GC heap after
Heap after GC invocations=17 (full 5):
 PSYoungGen      total 139264K, used 2874K [0x00000000d6000000, 0x00000000df580000, 0x0000000100000000)
  eden space 125440K, 0% used [0x00000000d6000000,0x00000000d6000000,0x00000000dda80000)
  from space 13824K, 20% used [0x00000000de800000,0x00000000deacea70,0x00000000df580000)
  to   space 13824K, 0% used [0x00000000dda80000,0x00000000dda80000,0x00000000de800000)
 ParOldGen       total 67072K, used 20121K [0x0000000082000000, 0x0000000086180000, 0x00000000d6000000)
  object space 67072K, 30% used [0x0000000082000000,0x00000000833a66c0,0x0000000086180000)
 Metaspace       used 33586K, capacity 34238K, committed 34432K, reserved 1079296K
  class space    used 4041K, capacity 4157K, committed 4224K, reserved 1048576K
}
Event: 267.857 GC heap before
{Heap before GC invocations=18 (full 6):
 PSYoungGen      total 139264K, used 2874K [0x00000000d6000000, 0x00000000df580000, 0x0000000100000000)
  eden space 125440K, 0% used [0x00000000d6000000,0x00000000d6000000,0x00000000dda80000)
  from space 13824K, 20% used [0x00000000de800000,0x00000000deacea70,0x00000000df580000)
  to   space 13824K, 0% used [0x00000000dda80000,0x00000000dda80000,0x00000000de800000)
 ParOldGen       total 67072K, used 20121K [0x0000000082000000, 0x0000000086180000, 0x00000000d6000000)
  object space 67072K, 30% used [0x0000000082000000,0x00000000833a66c0,0x0000000086180000)
 Metaspace       used 33586K, capacity 34238K, committed 34432K, reserved 1079296K
  class space    used 4041K, capacity 4157K, committed 4224K, reserved 1048576K
Event: 267.957 GC heap after
Heap after GC invocations=18 (full 6):
 PSYoungGen      total 139264K, used 0K [0x00000000d6000000, 0x00000000df580000, 0x0000000100000000)
  eden space 125440K, 0% used [0x00000000d6000000,0x00000000d6000000,0x00000000dda80000)
  from space 13824K, 0% used [0x00000000de800000,0x00000000de800000,0x00000000df580000)
  to   space 13824K, 0% used [0x00000000dda80000,0x00000000dda80000,0x00000000de800000)
 ParOldGen       total 67072K, used 20145K [0x0000000082000000, 0x0000000086180000, 0x00000000d6000000)
  object space 67072K, 30% used [0x0000000082000000,0x00000000833ac568,0x0000000086180000)
 Metaspace       used 33583K, capacity 34232K, committed 34432K, reserved 1079296K
  class space    used 4041K, capacity 4155K, committed 4224K, reserved 1048576K
}

