# JRE version: Java(TM) SE Runtime Environment (8.0_20-b26) (build 1.8.0_20-b26)
# Java VM: Java HotSpot(TM) 64-Bit Server VM (25.20-b23 mixed mode windows-amd64 compressed oops)
Heap:
 PSYoungGen      total 142848K, used 107284K [0x00000000d6000000, 0x00000000dfa00000, 0x0000000100000000)
  eden space 131072K, 81% used [0x00000000d6000000,0x00000000dc8c5378,0x00000000de000000)
  from space 11776K, 0% used [0x00000000dec80000,0x00000000dec80000,0x00000000df800000)
  to   space 12800K, 0% used [0x00000000de000000,0x00000000de000000,0x00000000dec80000)
 ParOldGen       total 66048K, used 19412K [0x0000000082000000, 0x0000000086080000, 0x00000000d6000000)
  object space 66048K, 29% used [0x0000000082000000,0x00000000832f51c8,0x0000000086080000)
 Metaspace       used 32935K, capacity 33298K, committed 33536K, reserved 1079296K
  class space    used 3994K, capacity 4093K, committed 4096K, reserved 1048576K
GC Heap History (10 events):
Event: 2.973 GC heap before
{Heap before GC invocations=6 (full 1):
 PSYoungGen      total 70656K, used 5104K [0x00000000d6000000, 0x00000000df500000, 0x0000000100000000)
  eden space 65536K, 0% used [0x00000000d6000000,0x00000000d6000000,0x00000000da000000)
  from space 5120K, 99% used [0x00000000da000000,0x00000000da4fc030,0x00000000da500000)
  to   space 10752K, 0% used [0x00000000dea80000,0x00000000dea80000,0x00000000df500000)
 ParOldGen       total 86016K, used 12619K [0x0000000082000000, 0x0000000087400000, 0x00000000d6000000)
  object space 86016K, 14% used [0x0000000082000000,0x0000000082c52ee8,0x0000000087400000)
 Metaspace       used 20953K, capacity 21156K, committed 21296K, reserved 1069056K
  class space    used 2564K, capacity 2637K, committed 2688K, reserved 1048576K
Event: 3.044 GC heap after
Heap after GC invocations=6 (full 1):
 PSYoungGen      total 70656K, used 0K [0x00000000d6000000, 0x00000000df500000, 0x0000000100000000)
  eden space 65536K, 0% used [0x00000000d6000000,0x00000000d6000000,0x00000000da000000)
  from space 5120K, 0% used [0x00000000da000000,0x00000000da000000,0x00000000da500000)
  to   space 10752K, 0% used [0x00000000dea80000,0x00000000dea80000,0x00000000df500000)
 ParOldGen       total 66048K, used 10353K [0x0000000082000000, 0x0000000086080000, 0x00000000d6000000)
  object space 66048K, 15% used [0x0000000082000000,0x0000000082a1c6d8,0x0000000086080000)
 Metaspace       used 20951K, capacity 21154K, committed 21296K, reserved 1069056K
  class space    used 2563K, capacity 2636K, committed 2688K, reserved 1048576K
}
Event: 4.917 GC heap before
{Heap before GC invocations=7 (full 1):
 PSYoungGen      total 70656K, used 65536K [0x00000000d6000000, 0x00000000df500000, 0x0000000100000000)
  eden space 65536K, 100% used [0x00000000d6000000,0x00000000da000000,0x00000000da000000)
  from space 5120K, 0% used [0x00000000da000000,0x00000000da000000,0x00000000da500000)
  to   space 10752K, 0% used [0x00000000dea80000,0x00000000dea80000,0x00000000df500000)
 ParOldGen       total 66048K, used 10353K [0x0000000082000000, 0x0000000086080000, 0x00000000d6000000)
  object space 66048K, 15% used [0x0000000082000000,0x0000000082a1c6d8,0x0000000086080000)
 Metaspace       used 26122K, capacity 26358K, committed 26624K, reserved 1073152K
  class space    used 3191K, capacity 3252K, committed 3328K, reserved 1048576K
Event: 4.926 GC heap after
Heap after GC invocations=7 (full 1):
 PSYoungGen      total 101376K, used 7065K [0x00000000d6000000, 0x00000000df180000, 0x0000000100000000)
  eden space 94208K, 0% used [0x00000000d6000000,0x00000000d6000000,0x00000000dbc00000)
  from space 7168K, 98% used [0x00000000dea80000,0x00000000df1667a0,0x00000000df180000)
  to   space 10240K, 0% used [0x00000000ddd80000,0x00000000ddd80000,0x00000000de780000)
 ParOldGen       total 66048K, used 10361K [0x0000000082000000, 0x0000000086080000, 0x00000000d6000000)
  object space 66048K, 15% used [0x0000000082000000,0x0000000082a1e6d8,0x0000000086080000)
 Metaspace       used 26122K, capacity 26358K, committed 26624K, reserved 1073152K
  class space    used 3191K, capacity 3252K, committed 3328K, reserved 1048576K
}
Event: 6.932 GC heap before
{Heap before GC invocations=8 (full 1):
 PSYoungGen      total 101376K, used 101273K [0x00000000d6000000, 0x00000000df180000, 0x0000000100000000)
  eden space 94208K, 100% used [0x00000000d6000000,0x00000000dbc00000,0x00000000dbc00000)
  from space 7168K, 98% used [0x00000000dea80000,0x00000000df1667a0,0x00000000df180000)
  to   space 10240K, 0% used [0x00000000ddd80000,0x00000000ddd80000,0x00000000de780000)
 ParOldGen       total 66048K, used 10361K [0x0000000082000000, 0x0000000086080000, 0x00000000d6000000)
  object space 66048K, 15% used [0x0000000082000000,0x0000000082a1e6d8,0x0000000086080000)
 Metaspace       used 29346K, capacity 29692K, committed 30080K, reserved 1075200K
  class space    used 3584K, capacity 3651K, committed 3712K, reserved 1048576K
Event: 6.951 GC heap after
Heap after GC invocations=8 (full 1):
 PSYoungGen      total 138752K, used 10235K [0x00000000d6000000, 0x00000000df800000, 0x0000000100000000)
  eden space 128512K, 0% used [0x00000000d6000000,0x00000000d6000000,0x00000000ddd80000)
  from space 10240K, 99% used [0x00000000ddd80000,0x00000000de77ef58,0x00000000de780000)
  to   space 11776K, 0% used [0x00000000dec80000,0x00000000dec80000,0x00000000df800000)
 ParOldGen       total 66048K, used 11140K [0x0000000082000000, 0x0000000086080000, 0x00000000d6000000)
  object space 66048K, 16% used [0x0000000082000000,0x0000000082ae13d0,0x0000000086080000)
 Metaspace       used 29346K, capacity 29692K, committed 30080K, reserved 1075200K
  class space    used 3584K, capacity 3651K, committed 3712K, reserved 1048576K
}
Event: 212.826 GC heap before
{Heap before GC invocations=9 (full 1):
 PSYoungGen      total 138752K, used 69450K [0x00000000d6000000, 0x00000000df800000, 0x0000000100000000)
  eden space 128512K, 46% used [0x00000000d6000000,0x00000000d99d3910,0x00000000ddd80000)
  from space 10240K, 99% used [0x00000000ddd80000,0x00000000de77ef58,0x00000000de780000)
  to   space 11776K, 0% used [0x00000000dec80000,0x00000000dec80000,0x00000000df800000)
 ParOldGen       total 66048K, used 11140K [0x0000000082000000, 0x0000000086080000, 0x00000000d6000000)
  object space 66048K, 16% used [0x0000000082000000,0x0000000082ae13d0,0x0000000086080000)
 Metaspace       used 32484K, capacity 32792K, committed 33024K, reserved 1079296K
  class space    used 3978K, capacity 4042K, committed 4096K, reserved 1048576K
Event: 212.854 GC heap after
Heap after GC invocations=9 (full 1):
 PSYoungGen      total 142848K, used 11549K [0x00000000d6000000, 0x00000000dfa00000, 0x0000000100000000)
  eden space 131072K, 0% used [0x00000000d6000000,0x00000000d6000000,0x00000000de000000)
  from space 11776K, 98% used [0x00000000dec80000,0x00000000df7c7470,0x00000000df800000)
  to   space 12800K, 0% used [0x00000000de000000,0x00000000de000000,0x00000000dec80000)
 ParOldGen       total 66048K, used 11148K [0x0000000082000000, 0x0000000086080000, 0x00000000d6000000)
  object space 66048K, 16% used [0x0000000082000000,0x0000000082ae33d0,0x0000000086080000)
 Metaspace       used 32484K, capacity 32792K, committed 33024K, reserved 1079296K
  class space    used 3978K, capacity 4042K, committed 4096K, reserved 1048576K
}
Event: 212.854 GC heap before
{Heap before GC invocations=10 (full 2):
 PSYoungGen      total 142848K, used 11549K [0x00000000d6000000, 0x00000000dfa00000, 0x0000000100000000)
  eden space 131072K, 0% used [0x00000000d6000000,0x00000000d6000000,0x00000000de000000)
  from space 11776K, 98% used [0x00000000dec80000,0x00000000df7c7470,0x00000000df800000)
  to   space 12800K, 0% used [0x00000000de000000,0x00000000de000000,0x00000000dec80000)
 ParOldGen       total 66048K, used 11148K [0x0000000082000000, 0x0000000086080000, 0x00000000d6000000)
  object space 66048K, 16% used [0x0000000082000000,0x0000000082ae33d0,0x0000000086080000)
 Metaspace       used 32484K, capacity 32792K, committed 33024K, reserved 1079296K
  class space    used 3978K, capacity 4042K, committed 4096K, reserved 1048576K
Event: 212.982 GC heap after
Heap after GC invocations=10 (full 2):
 PSYoungGen      total 142848K, used 0K [0x00000000d6000000, 0x00000000dfa00000, 0x0000000100000000)
  eden space 131072K, 0% used [0x00000000d6000000,0x00000000d6000000,0x00000000de000000)
  from space 11776K, 0% used [0x00000000dec80000,0x00000000dec80000,0x00000000df800000)
  to   space 12800K, 0% used [0x00000000de000000,0x00000000de000000,0x00000000dec80000)
 ParOldGen       total 66048K, used 19412K [0x0000000082000000, 0x0000000086080000, 0x00000000d6000000)
  object space 66048K, 29% used [0x0000000082000000,0x00000000832f51c8,0x0000000086080000)
 Metaspace       used 32484K, capacity 32792K, committed 33024K, reserved 1079296K
  class space    used 3978K, capacity 4042K, committed 4096K, reserved 1048576K
}

